0 info it worked if it ends with ok
1 verbose cli [ '/Users/estebanmuruzabal/.nvm/versions/node/v4.7.0/bin/node',
1 verbose cli   '/Users/estebanmuruzabal/.nvm/versions/node/v4.7.0/bin/npm',
1 verbose cli   'run',
1 verbose cli   'dev' ]
2 info using npm@2.15.11
3 info using node@v4.7.0
4 verbose stack Error: ENOENT: no such file or directory, open '/Users/estebanmuruzabal/work/images/package.json'
4 verbose stack     at Error (native)
5 verbose cwd /Users/estebanmuruzabal/work/images
6 error Darwin 17.4.0
7 error argv "/Users/estebanmuruzabal/.nvm/versions/node/v4.7.0/bin/node" "/Users/estebanmuruzabal/.nvm/versions/node/v4.7.0/bin/npm" "run" "dev"
8 error node v4.7.0
9 error npm  v2.15.11
10 error path /Users/estebanmuruzabal/work/images/package.json
11 error code ENOENT
12 error errno -2
13 error syscall open
14 error enoent ENOENT: no such file or directory, open '/Users/estebanmuruzabal/work/images/package.json'
14 error enoent This is most likely not a problem with npm itself
14 error enoent and is related to npm not being able to find a file.
15 verbose exit [ -2, true ]
